2022-04-08 11:25:33,242  WARN Microsoft.EntityFrameworkCore.Query.? [?] - MESSAGE: Compiling a query which loads related collections for more than one collection navigation, either via 'Include' or through projection, but no 'QuerySplittingBehavior' has been configured. By default, Entity Framework will use 'QuerySplittingBehavior.SingleQuery', which can potentially result in slow query performance. See https://go.microsoft.com/fwlink/?linkid=2134277 for more information. To identify the query that's triggering this warning call 'ConfigureWarnings(w => w.Throw(RelationalEventId.MultipleCollectionIncludeWarning))'.
 2022-04-08 11:25:33,453  INFO Microsoft.EntityFrameworkCore.Database.Command.? [?] - MESSAGE: Executed DbCommand (2ms) [Parameters=[@__ResumeId_0='?' (DbType = Int32)], CommandType='Text', CommandTimeout='30']
SELECT [t].[resumeId], [t].[creationDate], [t].[resumeStatus], [t].[resumeTitle], [t].[updationDate], [m].[userdetailsId], [m].[profilePicture], [m].[resumeId], [m].[totalExp], [m0].[membershipId], [m0].[membershipDesc], [m0].[membershipName], [m0].[resumeId], [a].[aboutMeId], [a].[keyPoints], [a].[mainDescription], [a].[resumeId], [a0].[achievementId], [a0].[achievementDesc], [a0].[achievementName], [a0].[achievementYear], [a0].[resumeId], [e].[educationId], [e].[courseName], [e].[instituteName], [e].[marks], [e].[passingYear], [e].[resumeId], [e].[specialization], [e].[university], [u].[userResumeId], [u].[resumeId], [u].[userId], [s].[skillId], [s].[category], [s].[resumeID], [w].[workExperienceId], [w].[businessSolution], [w].[clientDescription], [w].[country], [w].[endDate], [w].[projectName], [w].[projectResponsibilities], [w].[projectRole], [w].[resumeId], [w].[startDate], [w].[technologyStack]
FROM (
    SELECT TOP(1) [r].[resumeId], [r].[creationDate], [r].[resumeStatus], [r].[resumeTitle], [r].[updationDate]
    FROM [Resume] AS [r]
    WHERE [r].[resumeId] = @__ResumeId_0
) AS [t]
LEFT JOIN [MyDetails] AS [m] ON [t].[resumeId] = [m].[resumeId]
LEFT JOIN [Membership] AS [m0] ON [t].[resumeId] = [m0].[resumeId]
LEFT JOIN [AboutMe] AS [a] ON [t].[resumeId] = [a].[resumeId]
LEFT JOIN [Achievements] AS [a0] ON [t].[resumeId] = [a0].[resumeId]
LEFT JOIN [EducationDetails] AS [e] ON [t].[resumeId] = [e].[resumeId]
LEFT JOIN [UserResume] AS [u] ON [t].[resumeId] = [u].[resumeId]
LEFT JOIN [Skills] AS [s] ON [t].[resumeId] = [s].[resumeID]
LEFT JOIN [WorkExperience] AS [w] ON [t].[resumeId] = [w].[resumeId]
ORDER BY [t].[resumeId], [m].[userdetailsId], [m0].[membershipId], [a].[aboutMeId], [a0].[achievementId], [e].[educationId], [u].[userResumeId], [s].[skillId]
 2022-04-08 11:25:33,747  INFO Microsoft.EntityFrameworkCore.Database.Command.? [?] - MESSAGE: Executed DbCommand (52ms) [Parameters=[@p0='?' (DbType = Int32), @p1='?' (DbType = Int32), @p2='?' (DbType = Int32), @p3='?' (DbType = Int32), @p4='?' (DbType = Int32), @p5='?' (DbType = Int32), @p6='?' (DbType = Int32), @p7='?' (DbType = Int32), @p8='?' (DbType = Int32), @p9='?' (DbType = Int32), @p10='?' (DbType = Int32), @p11='?' (DbType = Int32), @p13='?' (DbType = Int32), @p12='?' (DbType = Int32), @p15='?' (DbType = Int32), @p14='?' (DbType = Int32)], CommandType='Text', CommandTimeout='30']
SET NOCOUNT ON;
DELETE FROM [AboutMe]
WHERE [aboutMeId] = @p0;
SELECT @@ROWCOUNT;

DELETE FROM [AboutMe]
WHERE [aboutMeId] = @p1;
SELECT @@ROWCOUNT;

DELETE FROM [Achievements]
WHERE [achievementId] = @p2;
SELECT @@ROWCOUNT;

DELETE FROM [Achievements]
WHERE [achievementId] = @p3;
SELECT @@ROWCOUNT;

DELETE FROM [EducationDetails]
WHERE [educationId] = @p4;
SELECT @@ROWCOUNT;

DELETE FROM [EducationDetails]
WHERE [educationId] = @p5;
SELECT @@ROWCOUNT;

DELETE FROM [Membership]
WHERE [membershipId] = @p6;
SELECT @@ROWCOUNT;

DELETE FROM [Membership]
WHERE [membershipId] = @p7;
SELECT @@ROWCOUNT;

DELETE FROM [MyDetails]
WHERE [userdetailsId] = @p8;
SELECT @@ROWCOUNT;

DELETE FROM [MyDetails]
WHERE [userdetailsId] = @p9;
SELECT @@ROWCOUNT;

DELETE FROM [Skills]
WHERE [skillId] = @p10;
SELECT @@ROWCOUNT;

DELETE FROM [Skills]
WHERE [skillId] = @p11;
SELECT @@ROWCOUNT;

UPDATE [WorkExperience] SET [resumeId] = @p12
WHERE [workExperienceId] = @p13;
SELECT @@ROWCOUNT;

UPDATE [WorkExperience] SET [resumeId] = @p14
WHERE [workExperienceId] = @p15;
SELECT @@ROWCOUNT;
 2022-04-08 11:25:33,816  INFO Microsoft.EntityFrameworkCore.Database.Command.? [?] - MESSAGE: Executed DbCommand (38ms) [Parameters=[@p16='?' (DbType = Int32)], CommandType='Text', CommandTimeout='30']
SET NOCOUNT ON;
DELETE FROM [Resume]
WHERE [resumeId] = @p16;
SELECT @@ROWCOUNT;
 2022-04-08 11:25:38,709  INFO Microsoft.EntityFrameworkCore.Infrastructure.? [?] - MESSAGE: Entity Framework Core 6.0.3 initialized 'RMSContext' using provider 'Microsoft.EntityFrameworkCore.SqlServer:6.0.3' with options: using lazy loading proxies 
 2022-04-08 11:25:38,716  INFO Microsoft.EntityFrameworkCore.Database.Command.? [?] - MESSAGE: Executed DbCommand (1ms) [Parameters=[], CommandType='Text', CommandTimeout='30']
SELECT [r].[resumeId], [r].[creationDate], [r].[resumeStatus], [r].[resumeTitle], [r].[updationDate]
FROM [Resume] AS [r]
 2022-04-08 11:25:38,728  INFO Microsoft.EntityFrameworkCore.Database.Command.? [?] - MESSAGE: Executed DbCommand (1ms) [Parameters=[@__p_0='?' (DbType = Int32)], CommandType='Text', CommandTimeout='30']
SELECT [s].[skillId], [s].[category], [s].[resumeID]
FROM [Skills] AS [s]
WHERE [s].[resumeID] = @__p_0
 2022-04-08 11:25:38,746  INFO Microsoft.EntityFrameworkCore.Database.Command.? [?] - MESSAGE: Executed DbCommand (1ms) [Parameters=[@__p_0='?' (DbType = Int32)], CommandType='Text', CommandTimeout='30']
SELECT [a].[aboutMeId], [a].[keyPoints], [a].[mainDescription], [a].[resumeId]
FROM [AboutMe] AS [a]
WHERE [a].[resumeId] = @__p_0
 2022-04-08 11:25:38,763  INFO Microsoft.EntityFrameworkCore.Database.Command.? [?] - MESSAGE: Executed DbCommand (1ms) [Parameters=[@__x_ResumeId_0='?' (DbType = Int32)], CommandType='Text', CommandTimeout='30']
SELECT [a].[achievementName] AS [AchievementName], [a].[achievementYear] AS [AchievementYear], [a].[achievementDesc] AS [AchievementDescription]
FROM [Achievements] AS [a]
WHERE [a].[resumeId] = @__x_ResumeId_0
 2022-04-08 11:25:38,778  INFO Microsoft.EntityFrameworkCore.Database.Command.? [?] - MESSAGE: Executed DbCommand (1ms) [Parameters=[@__x_ResumeId_0='?' (DbType = Int32)], CommandType='Text', CommandTimeout='30']
SELECT [m].[membershipName] AS [MembershipName], [m].[membershipDesc] AS [MembershipDescription]
FROM [Membership] AS [m]
WHERE [m].[resumeId] = @__x_ResumeId_0
 2022-04-08 11:25:38,789  INFO Microsoft.EntityFrameworkCore.Database.Command.? [?] - MESSAGE: Executed DbCommand (1ms) [Parameters=[@__x_ResumeId_0='?' (DbType = Int32)], CommandType='Text', CommandTimeout='30']
SELECT [m].[profilePicture] AS [ProfilePicture], CAST([m].[totalExp] AS real) AS [TotalExp]
FROM [MyDetails] AS [m]
WHERE [m].[resumeId] = @__x_ResumeId_0
 2022-04-08 11:25:38,804  INFO Microsoft.EntityFrameworkCore.Database.Command.? [?] - MESSAGE: Executed DbCommand (1ms) [Parameters=[@__x_ResumeId_0='?' (DbType = Int32)], CommandType='Text', CommandTimeout='30']
SELECT [w].[clientDescription] AS [ClientDescription], [w].[country] AS [Country], [w].[projectName] AS [ProjectName], [w].[projectRole] AS [ProjectRole], [w].[projectResponsibilities] AS [ProjectResponsibilities], [w].[startDate] AS [StartDate], [w].[endDate] AS [EndDate], [w].[businessSolution] AS [BusinessSolution], [w].[technologyStack] AS [TechnologyStack]
FROM [WorkExperience] AS [w]
WHERE [w].[resumeId] = @__x_ResumeId_0
 2022-04-08 11:25:38,832  INFO Microsoft.EntityFrameworkCore.Database.Command.? [?] - MESSAGE: Executed DbCommand (8ms) [Parameters=[@__x_ResumeId_0='?' (DbType = Int32)], CommandType='Text', CommandTimeout='30']
SELECT [e].[educationId] AS [EducationalDetailsId], [e].[courseName] AS [CourseName], [e].[specialization] AS [Stream], [e].[instituteName] AS [InstitutionName], [e].[passingYear] AS [PassingYear], CAST([e].[marks] AS real) AS [Marks], [e].[university] AS [University]
FROM [EducationDetails] AS [e]
WHERE [e].[resumeId] = @__x_ResumeId_0
 2022-04-08 11:25:38,863  INFO Microsoft.EntityFrameworkCore.Database.Command.? [?] - MESSAGE: Executed DbCommand (8ms) [Parameters=[@__p_0='?' (DbType = Int32)], CommandType='Text', CommandTimeout='30']
SELECT [s].[skillId], [s].[category], [s].[resumeID]
FROM [Skills] AS [s]
WHERE [s].[resumeID] = @__p_0
 2022-04-08 11:25:38,880  INFO Microsoft.EntityFrameworkCore.Database.Command.? [?] - MESSAGE: Executed DbCommand (0ms) [Parameters=[@__p_0='?' (DbType = Int32)], CommandType='Text', CommandTimeout='30']
SELECT [a].[aboutMeId], [a].[keyPoints], [a].[mainDescription], [a].[resumeId]
FROM [AboutMe] AS [a]
WHERE [a].[resumeId] = @__p_0
 2022-04-08 11:25:38,894  INFO Microsoft.EntityFrameworkCore.Database.Command.? [?] - MESSAGE: Executed DbCommand (1ms) [Parameters=[@__x_ResumeId_0='?' (DbType = Int32)], CommandType='Text', CommandTimeout='30']
SELECT [a].[achievementName] AS [AchievementName], [a].[achievementYear] AS [AchievementYear], [a].[achievementDesc] AS [AchievementDescription]
FROM [Achievements] AS [a]
WHERE [a].[resumeId] = @__x_ResumeId_0
 2022-04-08 11:25:38,904  INFO Microsoft.EntityFrameworkCore.Database.Command.? [?] - MESSAGE: Executed DbCommand (1ms) [Parameters=[@__x_ResumeId_0='?' (DbType = Int32)], CommandType='Text', CommandTimeout='30']
SELECT [m].[membershipName] AS [MembershipName], [m].[membershipDesc] AS [MembershipDescription]
FROM [Membership] AS [m]
WHERE [m].[resumeId] = @__x_ResumeId_0
 2022-04-08 11:25:38,916  INFO Microsoft.EntityFrameworkCore.Database.Command.? [?] - MESSAGE: Executed DbCommand (1ms) [Parameters=[@__x_ResumeId_0='?' (DbType = Int32)], CommandType='Text', CommandTimeout='30']
SELECT [m].[profilePicture] AS [ProfilePicture], CAST([m].[totalExp] AS real) AS [TotalExp]
FROM [MyDetails] AS [m]
WHERE [m].[resumeId] = @__x_ResumeId_0
 2022-04-08 11:25:38,926  INFO Microsoft.EntityFrameworkCore.Database.Command.? [?] - MESSAGE: Executed DbCommand (1ms) [Parameters=[@__x_ResumeId_0='?' (DbType = Int32)], CommandType='Text', CommandTimeout='30']
SELECT [w].[clientDescription] AS [ClientDescription], [w].[country] AS [Country], [w].[projectName] AS [ProjectName], [w].[projectRole] AS [ProjectRole], [w].[projectResponsibilities] AS [ProjectResponsibilities], [w].[startDate] AS [StartDate], [w].[endDate] AS [EndDate], [w].[businessSolution] AS [BusinessSolution], [w].[technologyStack] AS [TechnologyStack]
FROM [WorkExperience] AS [w]
WHERE [w].[resumeId] = @__x_ResumeId_0
 2022-04-08 11:25:38,936  INFO Microsoft.EntityFrameworkCore.Database.Command.? [?] - MESSAGE: Executed DbCommand (1ms) [Parameters=[@__x_ResumeId_0='?' (DbType = Int32)], CommandType='Text', CommandTimeout='30']
SELECT [e].[educationId] AS [EducationalDetailsId], [e].[courseName] AS [CourseName], [e].[specialization] AS [Stream], [e].[instituteName] AS [InstitutionName], [e].[passingYear] AS [PassingYear], CAST([e].[marks] AS real) AS [Marks], [e].[university] AS [University]
FROM [EducationDetails] AS [e]
WHERE [e].[resumeId] = @__x_ResumeId_0
 2022-04-08 11:25:47,820  INFO Microsoft.EntityFrameworkCore.Infrastructure.? [?] - MESSAGE: Entity Framework Core 6.0.3 initialized 'RMSContext' using provider 'Microsoft.EntityFrameworkCore.SqlServer:6.0.3' with options: using lazy loading proxies 
 2022-04-08 11:25:47,847  INFO Microsoft.EntityFrameworkCore.Database.Command.? [?] - MESSAGE: Executed DbCommand (1ms) [Parameters=[], CommandType='Text', CommandTimeout='30']
SELECT [u].[userId], [u].[userEmail], [u].[userName], [u].[userRole]
FROM [UserInfo] AS [u]
 2022-04-08 11:25:47,980  INFO Microsoft.EntityFrameworkCore.Database.Command.? [?] - MESSAGE: Executed DbCommand (1ms) [Parameters=[@__p_0='?' (DbType = Int32)], CommandType='Text', CommandTimeout='30']
SELECT [u].[userResumeId], [u].[resumeId], [u].[userId]
FROM [UserResume] AS [u]
WHERE [u].[userId] = @__p_0
 2022-04-08 11:25:48,008  INFO Microsoft.EntityFrameworkCore.Database.Command.? [?] - MESSAGE: Executed DbCommand (1ms) [Parameters=[@__p_0='?' (DbType = Int32)], CommandType='Text', CommandTimeout='30']
SELECT [u].[notificationId], [u].[creationDate], [u].[notificationDescription], [u].[notificationState], [u].[userId]
FROM [UserNotification] AS [u]
WHERE [u].[userId] = @__p_0
 2022-04-08 11:26:02,645  INFO Microsoft.EntityFrameworkCore.Infrastructure.? [?] - MESSAGE: Entity Framework Core 6.0.3 initialized 'RMSContext' using provider 'Microsoft.EntityFrameworkCore.SqlServer:6.0.3' with options: using lazy loading proxies 
 2022-04-08 11:26:02,718  INFO Microsoft.EntityFrameworkCore.Database.Command.? [?] - MESSAGE: Executed DbCommand (2ms) [Parameters=[@__UserId_0='?' (DbType = Int32)], CommandType='Text', CommandTimeout='30']
SELECT [t].[userId], [t].[userEmail], [t].[userName], [t].[userRole], [u0].[userResumeId], [u0].[resumeId], [u0].[userId]
FROM (
    SELECT TOP(1) [u].[userId], [u].[userEmail], [u].[userName], [u].[userRole]
    FROM [UserInfo] AS [u]
    WHERE [u].[userId] = @__UserId_0
) AS [t]
LEFT JOIN [UserResume] AS [u0] ON [t].[userId] = [u0].[userId]
ORDER BY [t].[userId]
 2022-04-08 11:26:02,761  INFO Microsoft.EntityFrameworkCore.Database.Command.? [?] - MESSAGE: Executed DbCommand (1ms) [Parameters=[@p0='?' (DbType = Int32)], CommandType='Text', CommandTimeout='30']
SET NOCOUNT ON;
DELETE FROM [UserInfo]
WHERE [userId] = @p0;
SELECT @@ROWCOUNT;
 2022-04-08 11:26:07,747  INFO Microsoft.EntityFrameworkCore.Infrastructure.? [?] - MESSAGE: Entity Framework Core 6.0.3 initialized 'RMSContext' using provider 'Microsoft.EntityFrameworkCore.SqlServer:6.0.3' with options: using lazy loading proxies 
 2022-04-08 11:26:07,755  INFO Microsoft.EntityFrameworkCore.Database.Command.? [?] - MESSAGE: Executed DbCommand (0ms) [Parameters=[], CommandType='Text', CommandTimeout='30']
SELECT [u].[userId], [u].[userEmail], [u].[userName], [u].[userRole]
FROM [UserInfo] AS [u]
 2022-04-08 11:26:13,199  INFO Microsoft.EntityFrameworkCore.Infrastructure.? [?] - MESSAGE: Entity Framework Core 6.0.3 initialized 'RMSContext' using provider 'Microsoft.EntityFrameworkCore.SqlServer:6.0.3' with options: using lazy loading proxies 
 2022-04-08 11:26:13,232  INFO Microsoft.EntityFrameworkCore.Database.Command.? [?] - MESSAGE: Executed DbCommand (2ms) [Parameters=[], CommandType='Text', CommandTimeout='30']
SELECT [u].[notificationId] AS [NotificationId], [u].[userId] AS [UserId], [u].[notificationDescription] AS [NotificationDescription], [u].[creationDate] AS [CreationDate], [u].[notificationState] AS [NotificationState]
FROM [UserNotification] AS [u]
 2022-04-08 11:26:30,642  INFO Microsoft.EntityFrameworkCore.Infrastructure.? [?] - MESSAGE: Entity Framework Core 6.0.3 initialized 'RMSContext' using provider 'Microsoft.EntityFrameworkCore.SqlServer:6.0.3' with options: using lazy loading proxies 
 2022-04-08 11:26:30,700  INFO Microsoft.EntityFrameworkCore.Database.Command.? [?] - MESSAGE: Executed DbCommand (8ms) [Parameters=[], CommandType='Text', CommandTimeout='30']
SELECT [u].[notificationId] AS [NotificationId], [u].[userId] AS [UserId], [u].[notificationDescription] AS [NotificationDescription], [u].[creationDate] AS [CreationDate], [u].[notificationState] AS [NotificationState]
FROM [UserNotification] AS [u]
WHERE [u].[notificationState] = 'Active'
 