2022-04-08 10:38:47,180  INFO Microsoft.Hosting.Lifetime.OnApplicationStarted [0] - MESSAGE: Application started. Press Ctrl+C to shut down.
 2022-04-08 10:38:48,560  INFO Microsoft.Hosting.Lifetime.OnApplicationStarted [0] - MESSAGE: Hosting environment: Development
 2022-04-08 10:38:48,564  INFO Microsoft.Hosting.Lifetime.OnApplicationStarted [0] - MESSAGE: Content root path: D:\project\Resume Management System\rms_group2_webapi\rms_web_api_group2\rms_web_api_group2\
 2022-04-08 10:40:36,673  INFO Microsoft.EntityFrameworkCore.Infrastructure.? [?] - MESSAGE: Entity Framework Core 6.0.3 initialized 'RMSContext' using provider 'Microsoft.EntityFrameworkCore.SqlServer:6.0.3' with options: using lazy loading proxies 
 2022-04-08 10:40:39,711  INFO Microsoft.EntityFrameworkCore.Database.Command.? [?] - MESSAGE: Executed DbCommand (123ms) [Parameters=[], CommandType='Text', CommandTimeout='30']
SELECT [r].[resumeId], [r].[creationDate], [r].[resumeStatus], [r].[resumeTitle], [r].[updationDate]
FROM [Resume] AS [r]
 2022-04-08 10:40:40,389  INFO Microsoft.EntityFrameworkCore.Database.Command.? [?] - MESSAGE: Executed DbCommand (107ms) [Parameters=[@__p_0='?' (DbType = Int32)], CommandType='Text', CommandTimeout='30']
SELECT [s].[skillId], [s].[category], [s].[resumeID]
FROM [Skills] AS [s]
WHERE [s].[resumeID] = @__p_0
 2022-04-08 10:40:40,580  INFO Microsoft.EntityFrameworkCore.Database.Command.? [?] - MESSAGE: Executed DbCommand (43ms) [Parameters=[@__p_0='?' (DbType = Int32)], CommandType='Text', CommandTimeout='30']
SELECT [a].[aboutMeId], [a].[keyPoints], [a].[mainDescription], [a].[resumeId]
FROM [AboutMe] AS [a]
WHERE [a].[resumeId] = @__p_0
 2022-04-08 10:40:40,647  INFO Microsoft.EntityFrameworkCore.Database.Command.? [?] - MESSAGE: Executed DbCommand (33ms) [Parameters=[@__p_0='?' (DbType = Int32)], CommandType='Text', CommandTimeout='30']
SELECT [m].[userdetailsId], [m].[profilePicture], [m].[resumeId], [m].[totalExp]
FROM [MyDetails] AS [m]
WHERE [m].[resumeId] = @__p_0
 2022-04-08 10:40:40,701  INFO Microsoft.EntityFrameworkCore.Database.Command.? [?] - MESSAGE: Executed DbCommand (24ms) [Parameters=[@__p_0='?' (DbType = Int32)], CommandType='Text', CommandTimeout='30']
SELECT [a].[achievementId], [a].[achievementDesc], [a].[achievementName], [a].[achievementYear], [a].[resumeId]
FROM [Achievements] AS [a]
WHERE [a].[resumeId] = @__p_0
 2022-04-08 10:40:40,755  INFO Microsoft.EntityFrameworkCore.Database.Command.? [?] - MESSAGE: Executed DbCommand (13ms) [Parameters=[@__p_0='?' (DbType = Int32)], CommandType='Text', CommandTimeout='30']
SELECT [m].[membershipId], [m].[membershipDesc], [m].[membershipName], [m].[resumeId]
FROM [Membership] AS [m]
WHERE [m].[resumeId] = @__p_0
 2022-04-08 10:40:40,812  INFO Microsoft.EntityFrameworkCore.Database.Command.? [?] - MESSAGE: Executed DbCommand (21ms) [Parameters=[@__p_0='?' (DbType = Int32)], CommandType='Text', CommandTimeout='30']
SELECT [w].[workExperienceId], [w].[businessSolution], [w].[clientDescription], [w].[country], [w].[endDate], [w].[projectName], [w].[projectResponsibilities], [w].[projectRole], [w].[resumeId], [w].[startDate], [w].[technologyStack]
FROM [WorkExperience] AS [w]
WHERE [w].[resumeId] = @__p_0
 2022-04-08 10:40:40,884  INFO Microsoft.EntityFrameworkCore.Database.Command.? [?] - MESSAGE: Executed DbCommand (20ms) [Parameters=[@__p_0='?' (DbType = Int32)], CommandType='Text', CommandTimeout='30']
SELECT [e].[educationId], [e].[courseName], [e].[instituteName], [e].[marks], [e].[passingYear], [e].[resumeId], [e].[specialization], [e].[university]
FROM [EducationDetails] AS [e]
WHERE [e].[resumeId] = @__p_0
 2022-04-08 10:40:41,614  INFO Microsoft.EntityFrameworkCore.Database.Command.? [?] - MESSAGE: Executed DbCommand (523ms) [Parameters=[@p0='?' (Size = 100) (DbType = AnsiString), @p1='?' (Size = 500) (DbType = AnsiString), @p2='?' (DbType = Int32), @p3='?' (Size = 200) (DbType = AnsiString), @p4='?' (Size = 50) (DbType = AnsiString), @p5='?' (DbType = Int32), @p6='?' (DbType = Int32), @p7='?' (Size = 100) (DbType = AnsiString), @p8='?' (Size = 250) (DbType = AnsiString), @p9='?' (DbType = Double), @p10='?' (DbType = Int32), @p11='?' (DbType = Int32), @p12='?' (Size = 500) (DbType = AnsiString), @p13='?' (Size = 100) (DbType = AnsiString), @p14='?' (Size = 200) (DbType = AnsiString), @p15='?' (Size = 50) (DbType = AnsiString), @p16='?' (DbType = Int32), @p17='?' (Size = 100) (DbType = AnsiString), @p18='?' (DbType = Int32), @p19='?' (DbType = Double), @p24='?' (DbType = Int32), @p20='?' (DbType = DateTime), @p21='?' (Size = 10) (DbType = AnsiString), @p22='?' (Size = 50) (DbType = AnsiString), @p23='?' (DbType = DateTime), @p25='?' (Size = 200) (DbType = AnsiString), @p26='?' (DbType = Int32), @p27='?' (Size = 8000) (DbType = AnsiString), @p28='?' (Size = 100) (DbType = AnsiString), @p29='?' (Size = 8000) (DbType = AnsiString), @p30='?' (DbType = Date), @p31='?' (Size = 50) (DbType = AnsiString), @p32='?' (Size = 50) (DbType = AnsiString), @p33='?' (Size = 50) (DbType = AnsiString), @p34='?' (DbType = Int32), @p35='?' (DbType = Date), @p36='?' (Size = 8000) (DbType = AnsiString)], CommandType='Text', CommandTimeout='30']
SET NOCOUNT ON;
INSERT INTO [AboutMe] ([keyPoints], [mainDescription], [resumeId])
VALUES (@p0, @p1, @p2);
SELECT [aboutMeId]
FROM [AboutMe]
WHERE @@ROWCOUNT = 1 AND [aboutMeId] = scope_identity();

INSERT INTO [Achievements] ([achievementDesc], [achievementName], [achievementYear], [resumeId])
VALUES (@p3, @p4, @p5, @p6);
SELECT [achievementId]
FROM [Achievements]
WHERE @@ROWCOUNT = 1 AND [achievementId] = scope_identity();

INSERT INTO [EducationDetails] ([courseName], [instituteName], [marks], [passingYear], [resumeId], [specialization], [university])
VALUES (@p7, @p8, @p9, @p10, @p11, @p12, @p13);
SELECT [educationId]
FROM [EducationDetails]
WHERE @@ROWCOUNT = 1 AND [educationId] = scope_identity();

INSERT INTO [Membership] ([membershipDesc], [membershipName], [resumeId])
VALUES (@p14, @p15, @p16);
SELECT [membershipId]
FROM [Membership]
WHERE @@ROWCOUNT = 1 AND [membershipId] = scope_identity();

INSERT INTO [MyDetails] ([profilePicture], [resumeId], [totalExp])
VALUES (@p17, @p18, @p19);
SELECT [userdetailsId]
FROM [MyDetails]
WHERE @@ROWCOUNT = 1 AND [userdetailsId] = scope_identity();

UPDATE [Resume] SET [creationDate] = @p20, [resumeStatus] = @p21, [resumeTitle] = @p22, [updationDate] = @p23
WHERE [resumeId] = @p24;
SELECT @@ROWCOUNT;

INSERT INTO [Skills] ([category], [resumeID])
VALUES (@p25, @p26);
SELECT [skillId]
FROM [Skills]
WHERE @@ROWCOUNT = 1 AND [skillId] = scope_identity();

INSERT INTO [WorkExperience] ([businessSolution], [clientDescription], [country], [endDate], [projectName], [projectResponsibilities], [projectRole], [resumeId], [startDate], [technologyStack])
VALUES (@p27, @p28, @p29, @p30, @p31, @p32, @p33, @p34, @p35, @p36);
SELECT [workExperienceId]
FROM [WorkExperience]
WHERE @@ROWCOUNT = 1 AND [workExperienceId] = scope_identity();
 2022-04-08 10:40:41,906 ERROR Microsoft.EntityFrameworkCore.Update.? [?] - MESSAGE: An exception occurred in the database while saving changes for context type 'rms_web_api_group2.RMSdb.RMSContext'.
Microsoft.EntityFrameworkCore.DbUpdateException: An error occurred while saving the entity changes. See the inner exception for details.
 ---> Microsoft.Data.SqlClient.SqlException (0x80131904): The UPDATE statement conflicted with the CHECK constraint "CK__Resume__resumeSt__2B3F6F97". The conflict occurred in database "RMS", table "dbo.Resume", column 'resumeStatus'.
   at Microsoft.Data.SqlClient.SqlConnection.OnError(SqlException exception, Boolean breakConnection, Action`1 wrapCloseInAction)
   at Microsoft.Data.SqlClient.SqlInternalConnection.OnError(SqlException exception, Boolean breakConnection, Action`1 wrapCloseInAction)
   at Microsoft.Data.SqlClient.TdsParser.ThrowExceptionAndWarning(TdsParserStateObject stateObj, Boolean callerHasConnectionLock, Boolean asyncClose)
   at Microsoft.Data.SqlClient.TdsParser.TryRun(RunBehavior runBehavior, SqlCommand cmdHandler, SqlDataReader dataStream, BulkCopySimpleResultSet bulkCopyHandler, TdsParserStateObject stateObj, Boolean& dataReady)
   at Microsoft.Data.SqlClient.SqlDataReader.TryHasMoreRows(Boolean& moreRows)
   at Microsoft.Data.SqlClient.SqlDataReader.TryHasMoreResults(Boolean& moreResults)
   at Microsoft.Data.SqlClient.SqlDataReader.TryNextResult(Boolean& more)
   at Microsoft.Data.SqlClient.SqlDataReader.NextResult()
   at Microsoft.EntityFrameworkCore.Update.AffectedCountModificationCommandBatch.Consume(RelationalDataReader reader)
ClientConnectionId:a1e3cb81-9b2e-43e9-95f6-7ad2cfeb2d6b
Error Number:547,State:0,Class:16
   --- End of inner exception stack trace ---
   at Microsoft.EntityFrameworkCore.Update.AffectedCountModificationCommandBatch.Consume(RelationalDataReader reader)
   at Microsoft.EntityFrameworkCore.Update.ReaderModificationCommandBatch.Execute(IRelationalConnection connection)
   at Microsoft.EntityFrameworkCore.Update.Internal.BatchExecutor.Execute(IEnumerable`1 commandBatches, IRelationalConnection connection)
   at Microsoft.EntityFrameworkCore.Storage.RelationalDatabase.SaveChanges(IList`1 entries)
   at Microsoft.EntityFrameworkCore.ChangeTracking.Internal.StateManager.SaveChanges(IList`1 entriesToSave)
   at Microsoft.EntityFrameworkCore.ChangeTracking.Internal.StateManager.SaveChanges(StateManager stateManager, Boolean acceptAllChangesOnSuccess)
   at Microsoft.EntityFrameworkCore.ChangeTracking.Internal.StateManager.<>c.<SaveChanges>b__104_0(DbContext _, ValueTuple`2 t)
   at Microsoft.EntityFrameworkCore.SqlServer.Storage.Internal.SqlServerExecutionStrategy.Execute[TState,TResult](TState state, Func`3 operation, Func`3 verifySucceeded)
   at Microsoft.EntityFrameworkCore.ChangeTracking.Internal.StateManager.SaveChanges(Boolean acceptAllChangesOnSuccess)
   at Microsoft.EntityFrameworkCore.DbContext.SaveChanges(Boolean acceptAllChangesOnSuccess)
 Microsoft.EntityFrameworkCore.DbUpdateException: An error occurred while saving the entity changes. See the inner exception for details.
 ---> Microsoft.Data.SqlClient.SqlException (0x80131904): The UPDATE statement conflicted with the CHECK constraint "CK__Resume__resumeSt__2B3F6F97". The conflict occurred in database "RMS", table "dbo.Resume", column 'resumeStatus'.
   at Microsoft.Data.SqlClient.SqlConnection.OnError(SqlException exception, Boolean breakConnection, Action`1 wrapCloseInAction)
   at Microsoft.Data.SqlClient.SqlInternalConnection.OnError(SqlException exception, Boolean breakConnection, Action`1 wrapCloseInAction)
   at Microsoft.Data.SqlClient.TdsParser.ThrowExceptionAndWarning(TdsParserStateObject stateObj, Boolean callerHasConnectionLock, Boolean asyncClose)
   at Microsoft.Data.SqlClient.TdsParser.TryRun(RunBehavior runBehavior, SqlCommand cmdHandler, SqlDataReader dataStream, BulkCopySimpleResultSet bulkCopyHandler, TdsParserStateObject stateObj, Boolean& dataReady)
   at Microsoft.Data.SqlClient.SqlDataReader.TryHasMoreRows(Boolean& moreRows)
   at Microsoft.Data.SqlClient.SqlDataReader.TryHasMoreResults(Boolean& moreResults)
   at Microsoft.Data.SqlClient.SqlDataReader.TryNextResult(Boolean& more)
   at Microsoft.Data.SqlClient.SqlDataReader.NextResult()
   at Microsoft.EntityFrameworkCore.Update.AffectedCountModificationCommandBatch.Consume(RelationalDataReader reader)
ClientConnectionId:a1e3cb81-9b2e-43e9-95f6-7ad2cfeb2d6b
Error Number:547,State:0,Class:16
   --- End of inner exception stack trace ---
   at Microsoft.EntityFrameworkCore.Update.AffectedCountModificationCommandBatch.Consume(RelationalDataReader reader)
   at Microsoft.EntityFrameworkCore.Update.ReaderModificationCommandBatch.Execute(IRelationalConnection connection)
   at Microsoft.EntityFrameworkCore.Update.Internal.BatchExecutor.Execute(IEnumerable`1 commandBatches, IRelationalConnection connection)
   at Microsoft.EntityFrameworkCore.Storage.RelationalDatabase.SaveChanges(IList`1 entries)
   at Microsoft.EntityFrameworkCore.ChangeTracking.Internal.StateManager.SaveChanges(IList`1 entriesToSave)
   at Microsoft.EntityFrameworkCore.ChangeTracking.Internal.StateManager.SaveChanges(StateManager stateManager, Boolean acceptAllChangesOnSuccess)
   at Microsoft.EntityFrameworkCore.ChangeTracking.Internal.StateManager.<>c.<SaveChanges>b__104_0(DbContext _, ValueTuple`2 t)
   at Microsoft.EntityFrameworkCore.SqlServer.Storage.Internal.SqlServerExecutionStrategy.Execute[TState,TResult](TState state, Func`3 operation, Func`3 verifySucceeded)
   at Microsoft.EntityFrameworkCore.ChangeTracking.Internal.StateManager.SaveChanges(Boolean acceptAllChangesOnSuccess)
   at Microsoft.EntityFrameworkCore.DbContext.SaveChanges(Boolean acceptAllChangesOnSuccess)
2022-04-08 10:42:13,845 ERROR RmsWebApi.GlobalErrorMiddleware.HandleException [30] - MESSAGE: Microsoft.EntityFrameworkCore.DbUpdateException: An error occurred while saving the entity changes. See the inner exception for details.
 ---> Microsoft.Data.SqlClient.SqlException (0x80131904): The UPDATE statement conflicted with the CHECK constraint "CK__Resume__resumeSt__2B3F6F97". The conflict occurred in database "RMS", table "dbo.Resume", column 'resumeStatus'.
   at Microsoft.Data.SqlClient.SqlConnection.OnError(SqlException exception, Boolean breakConnection, Action`1 wrapCloseInAction)
   at Microsoft.Data.SqlClient.SqlInternalConnection.OnError(SqlException exception, Boolean breakConnection, Action`1 wrapCloseInAction)
   at Microsoft.Data.SqlClient.TdsParser.ThrowExceptionAndWarning(TdsParserStateObject stateObj, Boolean callerHasConnectionLock, Boolean asyncClose)
   at Microsoft.Data.SqlClient.TdsParser.TryRun(RunBehavior runBehavior, SqlCommand cmdHandler, SqlDataReader dataStream, BulkCopySimpleResultSet bulkCopyHandler, TdsParserStateObject stateObj, Boolean& dataReady)
   at Microsoft.Data.SqlClient.SqlDataReader.TryHasMoreRows(Boolean& moreRows)
   at Microsoft.Data.SqlClient.SqlDataReader.TryHasMoreResults(Boolean& moreResults)
   at Microsoft.Data.SqlClient.SqlDataReader.TryNextResult(Boolean& more)
   at Microsoft.Data.SqlClient.SqlDataReader.NextResult()
   at Microsoft.EntityFrameworkCore.Update.AffectedCountModificationCommandBatch.Consume(RelationalDataReader reader)
ClientConnectionId:a1e3cb81-9b2e-43e9-95f6-7ad2cfeb2d6b
Error Number:547,State:0,Class:16
   --- End of inner exception stack trace ---
   at Microsoft.EntityFrameworkCore.Update.AffectedCountModificationCommandBatch.Consume(RelationalDataReader reader)
   at Microsoft.EntityFrameworkCore.Update.ReaderModificationCommandBatch.Execute(IRelationalConnection connection)
   at Microsoft.EntityFrameworkCore.Update.Internal.BatchExecutor.Execute(IEnumerable`1 commandBatches, IRelationalConnection connection)
   at Microsoft.EntityFrameworkCore.Storage.RelationalDatabase.SaveChanges(IList`1 entries)
   at Microsoft.EntityFrameworkCore.ChangeTracking.Internal.StateManager.SaveChanges(IList`1 entriesToSave)
   at Microsoft.EntityFrameworkCore.ChangeTracking.Internal.StateManager.SaveChanges(StateManager stateManager, Boolean acceptAllChangesOnSuccess)
   at Microsoft.EntityFrameworkCore.ChangeTracking.Internal.StateManager.<>c.<SaveChanges>b__104_0(DbContext _, ValueTuple`2 t)
   at Microsoft.EntityFrameworkCore.SqlServer.Storage.Internal.SqlServerExecutionStrategy.Execute[TState,TResult](TState state, Func`3 operation, Func`3 verifySucceeded)
   at Microsoft.EntityFrameworkCore.ChangeTracking.Internal.StateManager.SaveChanges(Boolean acceptAllChangesOnSuccess)
   at Microsoft.EntityFrameworkCore.DbContext.SaveChanges(Boolean acceptAllChangesOnSuccess)
   at Microsoft.EntityFrameworkCore.DbContext.SaveChanges()
   at rms_web_api_group2.repository.BaseRepository`1.Update(T obj) in D:\project\Resume Management System\rms_group2_webapi\rms_web_api_group2\rms_web_api_group2\repository\BaseRepository.cs:line 38
   at rms_web_api_group2.repository.ResumeRepository.Update(Int32 ResumeId, ResumeDomain resume) in D:\project\Resume Management System\rms_group2_webapi\rms_web_api_group2\rms_web_api_group2\repository\ResumeRepository.cs:line 259
   at rms_web_api_group2.Controllers.ResumesController.Put(Int32 id, ResumeDomain value) in D:\project\Resume Management System\rms_group2_webapi\rms_web_api_group2\rms_web_api_group2\Controllers\ResumesController.cs:line 50
   at Microsoft.Extensions.Internal.ObjectMethodExecutor.<>c__DisplayClass33_0.<WrapVoidMethod>b__0(Object target, Object[] parameters)
   at Microsoft.AspNetCore.Mvc.Infrastructure.ActionMethodExecutor.VoidResultExecutor.Execute(IActionResultTypeMapper mapper, ObjectMethodExecutor executor, Object controller, Object[] arguments)
   at Microsoft.AspNetCore.Mvc.Infrastructure.ControllerActionInvoker.InvokeActionMethodAsync()
   at Microsoft.AspNetCore.Mvc.Infrastructure.ControllerActionInvoker.Next(State& next, Scope& scope, Object& state, Boolean& isCompleted)
   at Microsoft.AspNetCore.Mvc.Infrastructure.ControllerActionInvoker.InvokeNextActionFilterAsync()
--- End of stack trace from previous location ---
   at Microsoft.AspNetCore.Mvc.Infrastructure.ControllerActionInvoker.Rethrow(ActionExecutedContextSealed context)
   at Microsoft.AspNetCore.Mvc.Infrastructure.ControllerActionInvoker.Next(State& next, Scope& scope, Object& state, Boolean& isCompleted)
   at Microsoft.AspNetCore.Mvc.Infrastructure.ControllerActionInvoker.InvokeInnerFilterAsync()
--- End of stack trace from previous location ---
   at Microsoft.AspNetCore.Mvc.Infrastructure.ResourceInvoker.<InvokeFilterPipelineAsync>g__Awaited|20_0(ResourceInvoker invoker, Task lastTask, State next, Scope scope, Object state, Boolean isCompleted)
   at Microsoft.AspNetCore.Mvc.Infrastructure.ResourceInvoker.<InvokeAsync>g__Awaited|17_0(ResourceInvoker invoker, Task task, IDisposable scope)
   at Microsoft.AspNetCore.Mvc.Infrastructure.ResourceInvoker.<InvokeAsync>g__Awaited|17_0(ResourceInvoker invoker, Task task, IDisposable scope)
   at Microsoft.AspNetCore.Routing.EndpointMiddleware.<Invoke>g__AwaitRequestTask|6_0(Endpoint endpoint, Task requestTask, ILogger logger)
   at RmsWebApi.GlobalErrorMiddleware.Invoke(HttpContext context, ILogger`1 logger) in D:\project\Resume Management System\rms_group2_webapi\rms_web_api_group2\rms_web_api_group2\GlobalErrorMiddleware.cs:line 18
 2022-04-08 10:45:02,713  INFO Microsoft.EntityFrameworkCore.Infrastructure.? [?] - MESSAGE: Entity Framework Core 6.0.3 initialized 'RMSContext' using provider 'Microsoft.EntityFrameworkCore.SqlServer:6.0.3' with options: using lazy loading proxies 
 2022-04-08 10:45:02,801  INFO Microsoft.EntityFrameworkCore.Database.Command.? [?] - MESSAGE: Executed DbCommand (80ms) [Parameters=[], CommandType='Text', CommandTimeout='30']
SELECT [r].[resumeId], [r].[creationDate], [r].[resumeStatus], [r].[resumeTitle], [r].[updationDate]
FROM [Resume] AS [r]
 2022-04-08 10:45:02,811  INFO Microsoft.EntityFrameworkCore.Database.Command.? [?] - MESSAGE: Executed DbCommand (2ms) [Parameters=[@__p_0='?' (DbType = Int32)], CommandType='Text', CommandTimeout='30']
SELECT [s].[skillId], [s].[category], [s].[resumeID]
FROM [Skills] AS [s]
WHERE [s].[resumeID] = @__p_0
 2022-04-08 10:45:02,835  INFO Microsoft.EntityFrameworkCore.Database.Command.? [?] - MESSAGE: Executed DbCommand (18ms) [Parameters=[@__p_0='?' (DbType = Int32)], CommandType='Text', CommandTimeout='30']
SELECT [a].[aboutMeId], [a].[keyPoints], [a].[mainDescription], [a].[resumeId]
FROM [AboutMe] AS [a]
WHERE [a].[resumeId] = @__p_0
 2022-04-08 10:45:02,850  INFO Microsoft.EntityFrameworkCore.Database.Command.? [?] - MESSAGE: Executed DbCommand (8ms) [Parameters=[@__p_0='?' (DbType = Int32)], CommandType='Text', CommandTimeout='30']
SELECT [m].[userdetailsId], [m].[profilePicture], [m].[resumeId], [m].[totalExp]
FROM [MyDetails] AS [m]
WHERE [m].[resumeId] = @__p_0
 2022-04-08 10:45:02,863  INFO Microsoft.EntityFrameworkCore.Database.Command.? [?] - MESSAGE: Executed DbCommand (7ms) [Parameters=[@__p_0='?' (DbType = Int32)], CommandType='Text', CommandTimeout='30']
SELECT [a].[achievementId], [a].[achievementDesc], [a].[achievementName], [a].[achievementYear], [a].[resumeId]
FROM [Achievements] AS [a]
WHERE [a].[resumeId] = @__p_0
 2022-04-08 10:45:02,882  INFO Microsoft.EntityFrameworkCore.Database.Command.? [?] - MESSAGE: Executed DbCommand (4ms) [Parameters=[@__p_0='?' (DbType = Int32)], CommandType='Text', CommandTimeout='30']
SELECT [m].[membershipId], [m].[membershipDesc], [m].[membershipName], [m].[resumeId]
FROM [Membership] AS [m]
WHERE [m].[resumeId] = @__p_0
 2022-04-08 10:45:02,919  INFO Microsoft.EntityFrameworkCore.Database.Command.? [?] - MESSAGE: Executed DbCommand (30ms) [Parameters=[@__p_0='?' (DbType = Int32)], CommandType='Text', CommandTimeout='30']
SELECT [w].[workExperienceId], [w].[businessSolution], [w].[clientDescription], [w].[country], [w].[endDate], [w].[projectName], [w].[projectResponsibilities], [w].[projectRole], [w].[resumeId], [w].[startDate], [w].[technologyStack]
FROM [WorkExperience] AS [w]
WHERE [w].[resumeId] = @__p_0
 2022-04-08 10:45:02,942  INFO Microsoft.EntityFrameworkCore.Database.Command.? [?] - MESSAGE: Executed DbCommand (7ms) [Parameters=[@__p_0='?' (DbType = Int32)], CommandType='Text', CommandTimeout='30']
SELECT [e].[educationId], [e].[courseName], [e].[instituteName], [e].[marks], [e].[passingYear], [e].[resumeId], [e].[specialization], [e].[university]
FROM [EducationDetails] AS [e]
WHERE [e].[resumeId] = @__p_0
 2022-04-08 10:45:03,366  INFO Microsoft.EntityFrameworkCore.Database.Command.? [?] - MESSAGE: Executed DbCommand (404ms) [Parameters=[@p0='?' (Size = 100) (DbType = AnsiString), @p1='?' (Size = 500) (DbType = AnsiString), @p2='?' (DbType = Int32), @p3='?' (Size = 200) (DbType = AnsiString), @p4='?' (Size = 50) (DbType = AnsiString), @p5='?' (DbType = Int32), @p6='?' (DbType = Int32), @p7='?' (Size = 100) (DbType = AnsiString), @p8='?' (Size = 250) (DbType = AnsiString), @p9='?' (DbType = Double), @p10='?' (DbType = Int32), @p11='?' (DbType = Int32), @p12='?' (Size = 500) (DbType = AnsiString), @p13='?' (Size = 100) (DbType = AnsiString), @p14='?' (Size = 200) (DbType = AnsiString), @p15='?' (Size = 50) (DbType = AnsiString), @p16='?' (DbType = Int32), @p17='?' (Size = 100) (DbType = AnsiString), @p18='?' (DbType = Int32), @p19='?' (DbType = Double), @p24='?' (DbType = Int32), @p20='?' (DbType = DateTime), @p21='?' (Size = 10) (DbType = AnsiString), @p22='?' (Size = 50) (DbType = AnsiString), @p23='?' (DbType = DateTime), @p25='?' (Size = 200) (DbType = AnsiString), @p26='?' (DbType = Int32), @p27='?' (Size = 8000) (DbType = AnsiString), @p28='?' (Size = 100) (DbType = AnsiString), @p29='?' (Size = 8000) (DbType = AnsiString), @p30='?' (DbType = Date), @p31='?' (Size = 50) (DbType = AnsiString), @p32='?' (Size = 50) (DbType = AnsiString), @p33='?' (Size = 50) (DbType = AnsiString), @p34='?' (DbType = Int32), @p35='?' (DbType = Date), @p36='?' (Size = 8000) (DbType = AnsiString)], CommandType='Text', CommandTimeout='30']
SET NOCOUNT ON;
INSERT INTO [AboutMe] ([keyPoints], [mainDescription], [resumeId])
VALUES (@p0, @p1, @p2);
SELECT [aboutMeId]
FROM [AboutMe]
WHERE @@ROWCOUNT = 1 AND [aboutMeId] = scope_identity();

INSERT INTO [Achievements] ([achievementDesc], [achievementName], [achievementYear], [resumeId])
VALUES (@p3, @p4, @p5, @p6);
SELECT [achievementId]
FROM [Achievements]
WHERE @@ROWCOUNT = 1 AND [achievementId] = scope_identity();

INSERT INTO [EducationDetails] ([courseName], [instituteName], [marks], [passingYear], [resumeId], [specialization], [university])
VALUES (@p7, @p8, @p9, @p10, @p11, @p12, @p13);
SELECT [educationId]
FROM [EducationDetails]
WHERE @@ROWCOUNT = 1 AND [educationId] = scope_identity();

INSERT INTO [Membership] ([membershipDesc], [membershipName], [resumeId])
VALUES (@p14, @p15, @p16);
SELECT [membershipId]
FROM [Membership]
WHERE @@ROWCOUNT = 1 AND [membershipId] = scope_identity();

INSERT INTO [MyDetails] ([profilePicture], [resumeId], [totalExp])
VALUES (@p17, @p18, @p19);
SELECT [userdetailsId]
FROM [MyDetails]
WHERE @@ROWCOUNT = 1 AND [userdetailsId] = scope_identity();

UPDATE [Resume] SET [creationDate] = @p20, [resumeStatus] = @p21, [resumeTitle] = @p22, [updationDate] = @p23
WHERE [resumeId] = @p24;
SELECT @@ROWCOUNT;

INSERT INTO [Skills] ([category], [resumeID])
VALUES (@p25, @p26);
SELECT [skillId]
FROM [Skills]
WHERE @@ROWCOUNT = 1 AND [skillId] = scope_identity();

INSERT INTO [WorkExperience] ([businessSolution], [clientDescription], [country], [endDate], [projectName], [projectResponsibilities], [projectRole], [resumeId], [startDate], [technologyStack])
VALUES (@p27, @p28, @p29, @p30, @p31, @p32, @p33, @p34, @p35, @p36);
SELECT [workExperienceId]
FROM [WorkExperience]
WHERE @@ROWCOUNT = 1 AND [workExperienceId] = scope_identity();
 2022-04-08 10:45:03,422 ERROR Microsoft.EntityFrameworkCore.Update.? [?] - MESSAGE: An exception occurred in the database while saving changes for context type 'rms_web_api_group2.RMSdb.RMSContext'.
Microsoft.EntityFrameworkCore.DbUpdateException: An error occurred while saving the entity changes. See the inner exception for details.
 ---> Microsoft.Data.SqlClient.SqlException (0x80131904): String or binary data would be truncated in table 'RMS.dbo.WorkExperience', column 'country'. Truncated value: 'dfg'.
   at Microsoft.Data.SqlClient.SqlConnection.OnError(SqlException exception, Boolean breakConnection, Action`1 wrapCloseInAction)
   at Microsoft.Data.SqlClient.SqlInternalConnection.OnError(SqlException exception, Boolean breakConnection, Action`1 wrapCloseInAction)
   at Microsoft.Data.SqlClient.TdsParser.ThrowExceptionAndWarning(TdsParserStateObject stateObj, Boolean callerHasConnectionLock, Boolean asyncClose)
   at Microsoft.Data.SqlClient.TdsParser.TryRun(RunBehavior runBehavior, SqlCommand cmdHandler, SqlDataReader dataStream, BulkCopySimpleResultSet bulkCopyHandler, TdsParserStateObject stateObj, Boolean& dataReady)
   at Microsoft.Data.SqlClient.SqlDataReader.TryHasMoreRows(Boolean& moreRows)
   at Microsoft.Data.SqlClient.SqlDataReader.TryHasMoreResults(Boolean& moreResults)
   at Microsoft.Data.SqlClient.SqlDataReader.TryNextResult(Boolean& more)
   at Microsoft.Data.SqlClient.SqlDataReader.NextResult()
   at Microsoft.EntityFrameworkCore.Update.AffectedCountModificationCommandBatch.Consume(RelationalDataReader reader)
ClientConnectionId:a1e3cb81-9b2e-43e9-95f6-7ad2cfeb2d6b
Error Number:2628,State:1,Class:16
   --- End of inner exception stack trace ---
   at Microsoft.EntityFrameworkCore.Update.AffectedCountModificationCommandBatch.Consume(RelationalDataReader reader)
   at Microsoft.EntityFrameworkCore.Update.ReaderModificationCommandBatch.Execute(IRelationalConnection connection)
   at Microsoft.EntityFrameworkCore.Update.Internal.BatchExecutor.Execute(IEnumerable`1 commandBatches, IRelationalConnection connection)
   at Microsoft.EntityFrameworkCore.Storage.RelationalDatabase.SaveChanges(IList`1 entries)
   at Microsoft.EntityFrameworkCore.ChangeTracking.Internal.StateManager.SaveChanges(IList`1 entriesToSave)
   at Microsoft.EntityFrameworkCore.ChangeTracking.Internal.StateManager.SaveChanges(StateManager stateManager, Boolean acceptAllChangesOnSuccess)
   at Microsoft.EntityFrameworkCore.ChangeTracking.Internal.StateManager.<>c.<SaveChanges>b__104_0(DbContext _, ValueTuple`2 t)
   at Microsoft.EntityFrameworkCore.SqlServer.Storage.Internal.SqlServerExecutionStrategy.Execute[TState,TResult](TState state, Func`3 operation, Func`3 verifySucceeded)
   at Microsoft.EntityFrameworkCore.ChangeTracking.Internal.StateManager.SaveChanges(Boolean acceptAllChangesOnSuccess)
   at Microsoft.EntityFrameworkCore.DbContext.SaveChanges(Boolean acceptAllChangesOnSuccess)
 Microsoft.EntityFrameworkCore.DbUpdateException: An error occurred while saving the entity changes. See the inner exception for details.
 ---> Microsoft.Data.SqlClient.SqlException (0x80131904): String or binary data would be truncated in table 'RMS.dbo.WorkExperience', column 'country'. Truncated value: 'dfg'.
   at Microsoft.Data.SqlClient.SqlConnection.OnError(SqlException exception, Boolean breakConnection, Action`1 wrapCloseInAction)
   at Microsoft.Data.SqlClient.SqlInternalConnection.OnError(SqlException exception, Boolean breakConnection, Action`1 wrapCloseInAction)
   at Microsoft.Data.SqlClient.TdsParser.ThrowExceptionAndWarning(TdsParserStateObject stateObj, Boolean callerHasConnectionLock, Boolean asyncClose)
   at Microsoft.Data.SqlClient.TdsParser.TryRun(RunBehavior runBehavior, SqlCommand cmdHandler, SqlDataReader dataStream, BulkCopySimpleResultSet bulkCopyHandler, TdsParserStateObject stateObj, Boolean& dataReady)
   at Microsoft.Data.SqlClient.SqlDataReader.TryHasMoreRows(Boolean& moreRows)
   at Microsoft.Data.SqlClient.SqlDataReader.TryHasMoreResults(Boolean& moreResults)
   at Microsoft.Data.SqlClient.SqlDataReader.TryNextResult(Boolean& more)
   at Microsoft.Data.SqlClient.SqlDataReader.NextResult()
   at Microsoft.EntityFrameworkCore.Update.AffectedCountModificationCommandBatch.Consume(RelationalDataReader reader)
ClientConnectionId:a1e3cb81-9b2e-43e9-95f6-7ad2cfeb2d6b
Error Number:2628,State:1,Class:16
   --- End of inner exception stack trace ---
   at Microsoft.EntityFrameworkCore.Update.AffectedCountModificationCommandBatch.Consume(RelationalDataReader reader)
   at Microsoft.EntityFrameworkCore.Update.ReaderModificationCommandBatch.Execute(IRelationalConnection connection)
   at Microsoft.EntityFrameworkCore.Update.Internal.BatchExecutor.Execute(IEnumerable`1 commandBatches, IRelationalConnection connection)
   at Microsoft.EntityFrameworkCore.Storage.RelationalDatabase.SaveChanges(IList`1 entries)
   at Microsoft.EntityFrameworkCore.ChangeTracking.Internal.StateManager.SaveChanges(IList`1 entriesToSave)
   at Microsoft.EntityFrameworkCore.ChangeTracking.Internal.StateManager.SaveChanges(StateManager stateManager, Boolean acceptAllChangesOnSuccess)
   at Microsoft.EntityFrameworkCore.ChangeTracking.Internal.StateManager.<>c.<SaveChanges>b__104_0(DbContext _, ValueTuple`2 t)
   at Microsoft.EntityFrameworkCore.SqlServer.Storage.Internal.SqlServerExecutionStrategy.Execute[TState,TResult](TState state, Func`3 operation, Func`3 verifySucceeded)
   at Microsoft.EntityFrameworkCore.ChangeTracking.Internal.StateManager.SaveChanges(Boolean acceptAllChangesOnSuccess)
   at Microsoft.EntityFrameworkCore.DbContext.SaveChanges(Boolean acceptAllChangesOnSuccess)
2022-04-08 10:47:46,736 ERROR RmsWebApi.GlobalErrorMiddleware.HandleException [30] - MESSAGE: Microsoft.EntityFrameworkCore.DbUpdateException: An error occurred while saving the entity changes. See the inner exception for details.
 ---> Microsoft.Data.SqlClient.SqlException (0x80131904): String or binary data would be truncated in table 'RMS.dbo.WorkExperience', column 'country'. Truncated value: 'dfg'.
   at Microsoft.Data.SqlClient.SqlConnection.OnError(SqlException exception, Boolean breakConnection, Action`1 wrapCloseInAction)
   at Microsoft.Data.SqlClient.SqlInternalConnection.OnError(SqlException exception, Boolean breakConnection, Action`1 wrapCloseInAction)
   at Microsoft.Data.SqlClient.TdsParser.ThrowExceptionAndWarning(TdsParserStateObject stateObj, Boolean callerHasConnectionLock, Boolean asyncClose)
   at Microsoft.Data.SqlClient.TdsParser.TryRun(RunBehavior runBehavior, SqlCommand cmdHandler, SqlDataReader dataStream, BulkCopySimpleResultSet bulkCopyHandler, TdsParserStateObject stateObj, Boolean& dataReady)
   at Microsoft.Data.SqlClient.SqlDataReader.TryHasMoreRows(Boolean& moreRows)
   at Microsoft.Data.SqlClient.SqlDataReader.TryHasMoreResults(Boolean& moreResults)
   at Microsoft.Data.SqlClient.SqlDataReader.TryNextResult(Boolean& more)
   at Microsoft.Data.SqlClient.SqlDataReader.NextResult()
   at Microsoft.EntityFrameworkCore.Update.AffectedCountModificationCommandBatch.Consume(RelationalDataReader reader)
ClientConnectionId:a1e3cb81-9b2e-43e9-95f6-7ad2cfeb2d6b
Error Number:2628,State:1,Class:16
   --- End of inner exception stack trace ---
   at Microsoft.EntityFrameworkCore.Update.AffectedCountModificationCommandBatch.Consume(RelationalDataReader reader)
   at Microsoft.EntityFrameworkCore.Update.ReaderModificationCommandBatch.Execute(IRelationalConnection connection)
   at Microsoft.EntityFrameworkCore.Update.Internal.BatchExecutor.Execute(IEnumerable`1 commandBatches, IRelationalConnection connection)
   at Microsoft.EntityFrameworkCore.Storage.RelationalDatabase.SaveChanges(IList`1 entries)
   at Microsoft.EntityFrameworkCore.ChangeTracking.Internal.StateManager.SaveChanges(IList`1 entriesToSave)
   at Microsoft.EntityFrameworkCore.ChangeTracking.Internal.StateManager.SaveChanges(StateManager stateManager, Boolean acceptAllChangesOnSuccess)
   at Microsoft.EntityFrameworkCore.ChangeTracking.Internal.StateManager.<>c.<SaveChanges>b__104_0(DbContext _, ValueTuple`2 t)
   at Microsoft.EntityFrameworkCore.SqlServer.Storage.Internal.SqlServerExecutionStrategy.Execute[TState,TResult](TState state, Func`3 operation, Func`3 verifySucceeded)
   at Microsoft.EntityFrameworkCore.ChangeTracking.Internal.StateManager.SaveChanges(Boolean acceptAllChangesOnSuccess)
   at Microsoft.EntityFrameworkCore.DbContext.SaveChanges(Boolean acceptAllChangesOnSuccess)
   at Microsoft.EntityFrameworkCore.DbContext.SaveChanges()
   at rms_web_api_group2.repository.BaseRepository`1.Update(T obj) in D:\project\Resume Management System\rms_group2_webapi\rms_web_api_group2\rms_web_api_group2\repository\BaseRepository.cs:line 38
   at rms_web_api_group2.repository.ResumeRepository.Update(Int32 ResumeId, ResumeDomain resume) in D:\project\Resume Management System\rms_group2_webapi\rms_web_api_group2\rms_web_api_group2\repository\ResumeRepository.cs:line 259
   at rms_web_api_group2.Controllers.ResumesController.Put(Int32 id, ResumeDomain value) in D:\project\Resume Management System\rms_group2_webapi\rms_web_api_group2\rms_web_api_group2\Controllers\ResumesController.cs:line 50
   at Microsoft.Extensions.Internal.ObjectMethodExecutor.<>c__DisplayClass33_0.<WrapVoidMethod>b__0(Object target, Object[] parameters)
   at Microsoft.AspNetCore.Mvc.Infrastructure.ActionMethodExecutor.VoidResultExecutor.Execute(IActionResultTypeMapper mapper, ObjectMethodExecutor executor, Object controller, Object[] arguments)
   at Microsoft.AspNetCore.Mvc.Infrastructure.ControllerActionInvoker.InvokeActionMethodAsync()
   at Microsoft.AspNetCore.Mvc.Infrastructure.ControllerActionInvoker.Next(State& next, Scope& scope, Object& state, Boolean& isCompleted)
   at Microsoft.AspNetCore.Mvc.Infrastructure.ControllerActionInvoker.InvokeNextActionFilterAsync()
--- End of stack trace from previous location ---
   at Microsoft.AspNetCore.Mvc.Infrastructure.ControllerActionInvoker.Rethrow(ActionExecutedContextSealed context)
   at Microsoft.AspNetCore.Mvc.Infrastructure.ControllerActionInvoker.Next(State& next, Scope& scope, Object& state, Boolean& isCompleted)
   at Microsoft.AspNetCore.Mvc.Infrastructure.ControllerActionInvoker.InvokeInnerFilterAsync()
--- End of stack trace from previous location ---
   at Microsoft.AspNetCore.Mvc.Infrastructure.ResourceInvoker.<InvokeFilterPipelineAsync>g__Awaited|20_0(ResourceInvoker invoker, Task lastTask, State next, Scope scope, Object state, Boolean isCompleted)
   at Microsoft.AspNetCore.Mvc.Infrastructure.ResourceInvoker.<InvokeAsync>g__Awaited|17_0(ResourceInvoker invoker, Task task, IDisposable scope)
   at Microsoft.AspNetCore.Mvc.Infrastructure.ResourceInvoker.<InvokeAsync>g__Awaited|17_0(ResourceInvoker invoker, Task task, IDisposable scope)
   at Microsoft.AspNetCore.Routing.EndpointMiddleware.<Invoke>g__AwaitRequestTask|6_0(Endpoint endpoint, Task requestTask, ILogger logger)
   at RmsWebApi.GlobalErrorMiddleware.Invoke(HttpContext context, ILogger`1 logger) in D:\project\Resume Management System\rms_group2_webapi\rms_web_api_group2\rms_web_api_group2\GlobalErrorMiddleware.cs:line 18
 2022-04-08 10:49:04,889  INFO Microsoft.EntityFrameworkCore.Infrastructure.? [?] - MESSAGE: Entity Framework Core 6.0.3 initialized 'RMSContext' using provider 'Microsoft.EntityFrameworkCore.SqlServer:6.0.3' with options: using lazy loading proxies 
 2022-04-08 10:49:04,932  INFO Microsoft.EntityFrameworkCore.Database.Command.? [?] - MESSAGE: Executed DbCommand (3ms) [Parameters=[], CommandType='Text', CommandTimeout='30']
SELECT [r].[resumeId], [r].[creationDate], [r].[resumeStatus], [r].[resumeTitle], [r].[updationDate]
FROM [Resume] AS [r]
 2022-04-08 10:49:04,940  INFO Microsoft.EntityFrameworkCore.Database.Command.? [?] - MESSAGE: Executed DbCommand (1ms) [Parameters=[@__p_0='?' (DbType = Int32)], CommandType='Text', CommandTimeout='30']
SELECT [s].[skillId], [s].[category], [s].[resumeID]
FROM [Skills] AS [s]
WHERE [s].[resumeID] = @__p_0
 2022-04-08 10:49:04,948  INFO Microsoft.EntityFrameworkCore.Database.Command.? [?] - MESSAGE: Executed DbCommand (1ms) [Parameters=[@__p_0='?' (DbType = Int32)], CommandType='Text', CommandTimeout='30']
SELECT [a].[aboutMeId], [a].[keyPoints], [a].[mainDescription], [a].[resumeId]
FROM [AboutMe] AS [a]
WHERE [a].[resumeId] = @__p_0
 2022-04-08 10:49:04,966  INFO Microsoft.EntityFrameworkCore.Database.Command.? [?] - MESSAGE: Executed DbCommand (14ms) [Parameters=[@__p_0='?' (DbType = Int32)], CommandType='Text', CommandTimeout='30']
SELECT [m].[userdetailsId], [m].[profilePicture], [m].[resumeId], [m].[totalExp]
FROM [MyDetails] AS [m]
WHERE [m].[resumeId] = @__p_0
 2022-04-08 10:49:04,973  INFO Microsoft.EntityFrameworkCore.Database.Command.? [?] - MESSAGE: Executed DbCommand (1ms) [Parameters=[@__p_0='?' (DbType = Int32)], CommandType='Text', CommandTimeout='30']
SELECT [a].[achievementId], [a].[achievementDesc], [a].[achievementName], [a].[achievementYear], [a].[resumeId]
FROM [Achievements] AS [a]
WHERE [a].[resumeId] = @__p_0
 2022-04-08 10:49:04,988  INFO Microsoft.EntityFrameworkCore.Database.Command.? [?] - MESSAGE: Executed DbCommand (5ms) [Parameters=[@__p_0='?' (DbType = Int32)], CommandType='Text', CommandTimeout='30']
SELECT [m].[membershipId], [m].[membershipDesc], [m].[membershipName], [m].[resumeId]
FROM [Membership] AS [m]
WHERE [m].[resumeId] = @__p_0
 2022-04-08 10:49:05,000  INFO Microsoft.EntityFrameworkCore.Database.Command.? [?] - MESSAGE: Executed DbCommand (6ms) [Parameters=[@__p_0='?' (DbType = Int32)], CommandType='Text', CommandTimeout='30']
SELECT [w].[workExperienceId], [w].[businessSolution], [w].[clientDescription], [w].[country], [w].[endDate], [w].[projectName], [w].[projectResponsibilities], [w].[projectRole], [w].[resumeId], [w].[startDate], [w].[technologyStack]
FROM [WorkExperience] AS [w]
WHERE [w].[resumeId] = @__p_0
 2022-04-08 10:49:05,007  INFO Microsoft.EntityFrameworkCore.Database.Command.? [?] - MESSAGE: Executed DbCommand (3ms) [Parameters=[@__p_0='?' (DbType = Int32)], CommandType='Text', CommandTimeout='30']
SELECT [e].[educationId], [e].[courseName], [e].[instituteName], [e].[marks], [e].[passingYear], [e].[resumeId], [e].[specialization], [e].[university]
FROM [EducationDetails] AS [e]
WHERE [e].[resumeId] = @__p_0
 2022-04-08 10:49:05,054  INFO Microsoft.EntityFrameworkCore.Database.Command.? [?] - MESSAGE: Executed DbCommand (41ms) [Parameters=[@p0='?' (Size = 100) (DbType = AnsiString), @p1='?' (Size = 500) (DbType = AnsiString), @p2='?' (DbType = Int32), @p3='?' (Size = 200) (DbType = AnsiString), @p4='?' (Size = 50) (DbType = AnsiString), @p5='?' (DbType = Int32), @p6='?' (DbType = Int32), @p7='?' (Size = 100) (DbType = AnsiString), @p8='?' (Size = 250) (DbType = AnsiString), @p9='?' (DbType = Double), @p10='?' (DbType = Int32), @p11='?' (DbType = Int32), @p12='?' (Size = 500) (DbType = AnsiString), @p13='?' (Size = 100) (DbType = AnsiString), @p14='?' (Size = 200) (DbType = AnsiString), @p15='?' (Size = 50) (DbType = AnsiString), @p16='?' (DbType = Int32), @p17='?' (Size = 100) (DbType = AnsiString), @p18='?' (DbType = Int32), @p19='?' (DbType = Double), @p24='?' (DbType = Int32), @p20='?' (DbType = DateTime), @p21='?' (Size = 10) (DbType = AnsiString), @p22='?' (Size = 50) (DbType = AnsiString), @p23='?' (DbType = DateTime), @p25='?' (Size = 200) (DbType = AnsiString), @p26='?' (DbType = Int32), @p27='?' (Size = 8000) (DbType = AnsiString), @p28='?' (Size = 100) (DbType = AnsiString), @p29='?' (Size = 3) (DbType = AnsiString), @p30='?' (DbType = Date), @p31='?' (Size = 50) (DbType = AnsiString), @p32='?' (Size = 50) (DbType = AnsiString), @p33='?' (Size = 50) (DbType = AnsiString), @p34='?' (DbType = Int32), @p35='?' (DbType = Date), @p36='?' (Size = 8000) (DbType = AnsiString)], CommandType='Text', CommandTimeout='30']
SET NOCOUNT ON;
INSERT INTO [AboutMe] ([keyPoints], [mainDescription], [resumeId])
VALUES (@p0, @p1, @p2);
SELECT [aboutMeId]
FROM [AboutMe]
WHERE @@ROWCOUNT = 1 AND [aboutMeId] = scope_identity();

INSERT INTO [Achievements] ([achievementDesc], [achievementName], [achievementYear], [resumeId])
VALUES (@p3, @p4, @p5, @p6);
SELECT [achievementId]
FROM [Achievements]
WHERE @@ROWCOUNT = 1 AND [achievementId] = scope_identity();

INSERT INTO [EducationDetails] ([courseName], [instituteName], [marks], [passingYear], [resumeId], [specialization], [university])
VALUES (@p7, @p8, @p9, @p10, @p11, @p12, @p13);
SELECT [educationId]
FROM [EducationDetails]
WHERE @@ROWCOUNT = 1 AND [educationId] = scope_identity();

INSERT INTO [Membership] ([membershipDesc], [membershipName], [resumeId])
VALUES (@p14, @p15, @p16);
SELECT [membershipId]
FROM [Membership]
WHERE @@ROWCOUNT = 1 AND [membershipId] = scope_identity();

INSERT INTO [MyDetails] ([profilePicture], [resumeId], [totalExp])
VALUES (@p17, @p18, @p19);
SELECT [userdetailsId]
FROM [MyDetails]
WHERE @@ROWCOUNT = 1 AND [userdetailsId] = scope_identity();

UPDATE [Resume] SET [creationDate] = @p20, [resumeStatus] = @p21, [resumeTitle] = @p22, [updationDate] = @p23
WHERE [resumeId] = @p24;
SELECT @@ROWCOUNT;

INSERT INTO [Skills] ([category], [resumeID])
VALUES (@p25, @p26);
SELECT [skillId]
FROM [Skills]
WHERE @@ROWCOUNT = 1 AND [skillId] = scope_identity();

INSERT INTO [WorkExperience] ([businessSolution], [clientDescription], [country], [endDate], [projectName], [projectResponsibilities], [projectRole], [resumeId], [startDate], [technologyStack])
VALUES (@p27, @p28, @p29, @p30, @p31, @p32, @p33, @p34, @p35, @p36);
SELECT [workExperienceId]
FROM [WorkExperience]
WHERE @@ROWCOUNT = 1 AND [workExperienceId] = scope_identity();
 